2020-05-23 15:16:37.821  INFO 10112 --- [main] controller.BackEndApplication            : Starting BackEndApplication on DESKTOP-2CVFUBP with PID 10112 (C:\Users\Andrej\OneDrive - Slovenská technická univerzita v Bratislave\Pracovná plocha\Vývoj aplikácií s viacvrstvovou architektúrou\VAVA Projekt\BackEnd\target\classes started by Andrej in C:\Users\Andrej\OneDrive - Slovenská technická univerzita v Bratislave\Pracovná plocha\Vývoj aplikácií s viacvrstvovou architektúrou\VAVA Projekt\BackEnd)
2020-05-23 15:16:37.825  INFO 10112 --- [main] controller.BackEndApplication            : No active profile set, falling back to default profiles: default
2020-05-23 15:16:38.732  INFO 10112 --- [main] .s.d.r.c.RepositoryConfigurationDelegate : Multiple Spring Data modules found, entering strict repository configuration mode!
2020-05-23 15:16:38.763  INFO 10112 --- [main] .s.d.r.c.RepositoryConfigurationDelegate : Bootstrapping Spring Data JPA repositories in DEFAULT mode.
2020-05-23 15:16:38.858  INFO 10112 --- [main] .s.d.r.c.RepositoryConfigurationDelegate : Finished Spring Data repository scanning in 84ms. Found 6 JPA repository interfaces.
2020-05-23 15:16:39.079  INFO 10112 --- [main] .s.d.r.c.RepositoryConfigurationDelegate : Multiple Spring Data modules found, entering strict repository configuration mode!
2020-05-23 15:16:39.079  INFO 10112 --- [main] .s.d.r.c.RepositoryConfigurationDelegate : Bootstrapping Spring Data JDBC repositories in DEFAULT mode.
2020-05-23 15:16:39.092  INFO 10112 --- [main] .s.d.r.c.RepositoryConfigurationDelegate : Finished Spring Data repository scanning in 12ms. Found 0 JDBC repository interfaces.
2020-05-23 15:16:39.514  INFO 10112 --- [main] trationDelegate$BeanPostProcessorChecker : Bean 'org.springframework.ws.config.annotation.DelegatingWsConfiguration' of type [org.springframework.ws.config.annotation.DelegatingWsConfiguration$$EnhancerBySpringCGLIB$$d6d94404] is not eligible for getting processed by all BeanPostProcessors (for example: not eligible for auto-proxying)
2020-05-23 15:16:39.575  INFO 10112 --- [main] .w.s.a.s.AnnotationActionEndpointMapping : Supporting [WS-Addressing August 2004, WS-Addressing 1.0]
2020-05-23 15:16:40.024  INFO 10112 --- [main] o.s.b.w.embedded.tomcat.TomcatWebServer  : Tomcat initialized with port(s): 8080 (http)
2020-05-23 15:16:40.038  INFO 10112 --- [main] o.apache.catalina.core.StandardService   : Starting service [Tomcat]
2020-05-23 15:16:40.038  INFO 10112 --- [main] org.apache.catalina.core.StandardEngine  : Starting Servlet engine: [Apache Tomcat/9.0.35]
2020-05-23 15:16:40.210  INFO 10112 --- [main] o.a.c.c.C.[Tomcat].[localhost].[/]       : Initializing Spring embedded WebApplicationContext
2020-05-23 15:16:40.211  INFO 10112 --- [main] o.s.web.context.ContextLoader            : Root WebApplicationContext: initialization completed in 2316 ms
2020-05-23 15:16:40.576  INFO 10112 --- [main] o.hibernate.jpa.internal.util.LogHelper  : HHH000204: Processing PersistenceUnitInfo [name: default]
2020-05-23 15:16:40.649  INFO 10112 --- [main] org.hibernate.Version                    : HHH000412: Hibernate ORM core version 5.4.15.Final
2020-05-23 15:16:41.015  INFO 10112 --- [main] o.hibernate.annotations.common.Version   : HCANN000001: Hibernate Commons Annotations {5.1.0.Final}
2020-05-23 15:16:41.148  INFO 10112 --- [main] com.zaxxer.hikari.HikariDataSource       : HikariPool-1 - Starting...
2020-05-23 15:16:41.306  INFO 10112 --- [main] com.zaxxer.hikari.HikariDataSource       : HikariPool-1 - Start completed.
2020-05-23 15:16:41.337  INFO 10112 --- [main] org.hibernate.dialect.Dialect            : HHH000400: Using dialect: org.hibernate.dialect.PostgreSQL10Dialect
2020-05-23 15:16:42.745  INFO 10112 --- [main] o.h.e.t.j.p.i.JtaPlatformInitiator       : HHH000490: Using JtaPlatform implementation: [org.hibernate.engine.transaction.jta.platform.internal.NoJtaPlatform]
2020-05-23 15:16:42.755  INFO 10112 --- [main] j.LocalContainerEntityManagerFactoryBean : Initialized JPA EntityManagerFactory for persistence unit 'default'
2020-05-23 15:16:44.366  WARN 10112 --- [main] JpaBaseConfiguration$JpaWebConfiguration : spring.jpa.open-in-view is enabled by default. Therefore, database queries may be performed during view rendering. Explicitly configure spring.jpa.open-in-view to disable this warning
2020-05-23 15:16:44.666  INFO 10112 --- [main] o.s.s.concurrent.ThreadPoolTaskExecutor  : Initializing ExecutorService 'applicationTaskExecutor'
2020-05-23 15:16:45.396  INFO 10112 --- [main] o.s.b.w.embedded.tomcat.TomcatWebServer  : Tomcat started on port(s): 8080 (http) with context path ''
2020-05-23 15:16:45.408  INFO 10112 --- [main] controller.BackEndApplication            : Started BackEndApplication in 8.1 seconds (JVM running for 9.208)
2020-05-23 15:17:40.534  INFO 10112 --- [RMI TCP Connection(2)-127.0.0.1] inMXBeanRegistrar$SpringApplicationAdmin : Application shutdown requested.
2020-05-23 15:17:40.784  INFO 10112 --- [RMI TCP Connection(2)-127.0.0.1] o.s.s.concurrent.ThreadPoolTaskExecutor  : Shutting down ExecutorService 'applicationTaskExecutor'
2020-05-23 15:17:40.785  INFO 10112 --- [RMI TCP Connection(2)-127.0.0.1] j.LocalContainerEntityManagerFactoryBean : Closing JPA EntityManagerFactory for persistence unit 'default'
2020-05-23 15:17:40.789  INFO 10112 --- [RMI TCP Connection(2)-127.0.0.1] com.zaxxer.hikari.HikariDataSource       : HikariPool-1 - Shutdown initiated...
2020-05-23 15:17:40.799  INFO 10112 --- [RMI TCP Connection(2)-127.0.0.1] com.zaxxer.hikari.HikariDataSource       : HikariPool-1 - Shutdown completed.
